c:\users\keple\source\repos\intern\gameproject\trainingframework\debug-nvidia\vc142.pdb
c:\users\keple\source\repos\intern\gameproject\trainingframework\debug-nvidia\vc142.idb
c:\users\keple\source\repos\intern\gameproject\trainingframework\debug-nvidia\gscredit.obj
c:\users\keple\source\repos\intern\gameproject\trainingframework\debug-nvidia\gamestatemachine.obj
c:\users\keple\source\repos\intern\gameproject\trainingframework\debug-nvidia\gamestatebase.obj
c:\users\keple\source\repos\intern\gameproject\trainingframework\debug-nvidia\texture.obj
c:\users\keple\source\repos\intern\gameproject\trainingframework\debug-nvidia\text.obj
c:\users\keple\source\repos\intern\gameproject\trainingframework\debug-nvidia\shader.obj
c:\users\keple\source\repos\intern\gameproject\trainingframework\debug-nvidia\model.obj
c:\users\keple\source\repos\intern\gameproject\trainingframework\debug-nvidia\sprite3d.obj
c:\users\keple\source\repos\intern\gameproject\trainingframework\debug-nvidia\camera.obj
c:\users\keple\source\repos\intern\gameproject\trainingframework\debug-nvidia\sprite2d.obj
c:\users\keple\source\repos\intern\gameproject\trainingframework\debug-nvidia\spaceship.obj
c:\users\keple\source\repos\intern\gameproject\trainingframework\debug-nvidia\playership.obj
c:\users\keple\source\repos\intern\gameproject\trainingframework\debug-nvidia\meteorite.obj
c:\users\keple\source\repos\intern\gameproject\trainingframework\debug-nvidia\gamebutton.obj
c:\users\keple\source\repos\intern\gameproject\trainingframework\debug-nvidia\font.obj
c:\users\keple\source\repos\intern\gameproject\trainingframework\debug-nvidia\enemy.obj
c:\users\keple\source\repos\intern\gameproject\trainingframework\debug-nvidia\bullet.obj
c:\users\keple\source\repos\intern\gameproject\trainingframework\debug-nvidia\animationsprite.obj
c:\users\keple\source\repos\intern\gameproject\trainingframework\debug-nvidia\resourcemanagers.obj
c:\users\keple\source\repos\intern\gameproject\trainingframework\debug-nvidia\application.obj
c:\users\keple\source\repos\intern\gameproject\trainingframework\debug-nvidia\trainingframework.obj
c:\users\keple\source\repos\intern\gameproject\trainingframework\debug-nvidia\gsplay.obj
c:\users\keple\source\repos\intern\gameproject\trainingframework\debug-nvidia\gsmenu.obj
c:\users\keple\source\repos\intern\gameproject\trainingframework\debug-nvidia\gsintro.obj
c:\users\keple\source\repos\intern\gameproject\trainingframework\debug-nvidia\gsingamemenu.obj
d:\intern-master\gameproject\trainingframework\debug-nvidia\vc142.pdb
d:\intern-master\gameproject\trainingframework\debug-nvidia\vc142.idb
d:\intern-master\gameproject\trainingframework\debug-nvidia\gscredit.obj
d:\intern-master\gameproject\trainingframework\debug-nvidia\gamestatemachine.obj
d:\intern-master\gameproject\trainingframework\debug-nvidia\gamestatebase.obj
d:\intern-master\gameproject\trainingframework\debug-nvidia\texture.obj
d:\intern-master\gameproject\trainingframework\debug-nvidia\text.obj
d:\intern-master\gameproject\trainingframework\debug-nvidia\shader.obj
d:\intern-master\gameproject\trainingframework\debug-nvidia\model.obj
d:\intern-master\gameproject\trainingframework\debug-nvidia\sprite3d.obj
d:\intern-master\gameproject\trainingframework\debug-nvidia\camera.obj
d:\intern-master\gameproject\trainingframework\debug-nvidia\sprite2d.obj
d:\intern-master\gameproject\trainingframework\debug-nvidia\spaceship.obj
d:\intern-master\gameproject\trainingframework\debug-nvidia\playership.obj
d:\intern-master\gameproject\trainingframework\debug-nvidia\meteorite.obj
d:\intern-master\gameproject\trainingframework\debug-nvidia\gamebutton.obj
d:\intern-master\gameproject\trainingframework\debug-nvidia\font.obj
d:\intern-master\gameproject\trainingframework\debug-nvidia\enemy.obj
d:\intern-master\gameproject\trainingframework\debug-nvidia\bullet.obj
d:\intern-master\gameproject\trainingframework\debug-nvidia\animationsprite.obj
d:\intern-master\gameproject\trainingframework\debug-nvidia\resourcemanagers.obj
d:\intern-master\gameproject\trainingframework\debug-nvidia\application.obj
d:\intern-master\gameproject\trainingframework\debug-nvidia\trainingframework.obj
d:\intern-master\gameproject\trainingframework\debug-nvidia\gsplay.obj
d:\intern-master\gameproject\trainingframework\debug-nvidia\gsmenu.obj
d:\intern-master\gameproject\trainingframework\debug-nvidia\gsintro.obj
d:\intern-master\gameproject\trainingframework\debug-nvidia\gsingamemenu.obj
d:\intern-master\gameproject\trainingframework\debug-nvidia\gsnoname.obj
d:\intern-master\gameproject\trainingframework\debug-nvidia\boostitem.obj
c:\users\keple\source\repos\intern\gameproject\trainingframework\debug-nvidia\gsnoname.obj
c:\users\keple\source\repos\intern\gameproject\trainingframework\debug-nvidia\boostitem.obj
d:\intern-master\gameproject\bin-nvidia\trainingframework.exe
d:\intern-master\gameproject\trainingframework\debug-nvidia\trainingframework.ilk
d:\intern-master\gameproject\bin-nvidia\trainingframework.pdb
c:\users\keple\source\repos\intern\gameproject\bin-nvidia\trainingframework.exe
c:\users\keple\source\repos\intern\gameproject\trainingframework\debug-nvidia\trainingframework.ilk
c:\users\keple\source\repos\intern\gameproject\bin-nvidia\trainingframework.pdb
c:\users\keple\source\repos\intern\gameproject\trainingframework\debug-nvidia\ship.obj
c:\users\keple\source\repos\intern\gameproject\\bin-nvidia\trainingframework.pdb
c:\users\keple\source\repos\intern\gameproject\trainingframework\debug-nvidia\training.fc024ec8.tlog\cl.command.1.tlog
c:\users\keple\source\repos\intern\gameproject\trainingframework\debug-nvidia\training.fc024ec8.tlog\cl.read.1.tlog
c:\users\keple\source\repos\intern\gameproject\trainingframework\debug-nvidia\training.fc024ec8.tlog\cl.write.1.tlog
c:\users\keple\source\repos\intern\gameproject\trainingframework\debug-nvidia\training.fc024ec8.tlog\link.command.1.tlog
c:\users\keple\source\repos\intern\gameproject\trainingframework\debug-nvidia\training.fc024ec8.tlog\link.read.1.tlog
c:\users\keple\source\repos\intern\gameproject\trainingframework\debug-nvidia\training.fc024ec8.tlog\link.write.1.tlog
