c:\users\keple\source\repos\intern\gameproject\bin-nvidia\utilities.pdb
c:\users\keple\source\repos\intern\gameproject\bin-nvidia\utilities.idb
c:\users\keple\source\repos\intern\gameproject\utilities\debug-nvidia\esutil_win.obj
c:\users\keple\source\repos\intern\gameproject\utilities\debug-nvidia\esutil.obj
c:\users\keple\source\repos\intern\gameproject\utilities\debug-nvidia\esshader.obj
c:\users\keple\source\repos\intern\gameproject\utilities\debug-nvidia\tga.obj
c:\users\keple\source\repos\intern\gameproject\utilities\debug-nvidia\cmath.obj
d:\intern-master\gameproject\bin-nvidia\utilities.pdb
d:\intern-master\gameproject\bin-nvidia\utilities.idb
d:\intern-master\gameproject\utilities\debug-nvidia\tga.obj
d:\intern-master\gameproject\utilities\debug-nvidia\cmath.obj
d:\intern-master\gameproject\utilities\debug-nvidia\esutil_win.obj
d:\intern-master\gameproject\utilities\debug-nvidia\esutil.obj
d:\intern-master\gameproject\utilities\debug-nvidia\esshader.obj
c:\users\keple\source\repos\intern\gameproject\bin-nvidia\utilitiesd.lib
d:\intern-master\gameproject\bin-nvidia\utilitiesd.lib
c:\users\keple\source\repos\intern\gameproject\\bin-nvidia\utilities.pdb
c:\users\keple\source\repos\intern\gameproject\utilities\debug-nvidia\utilities.tlog\cl.command.1.tlog
c:\users\keple\source\repos\intern\gameproject\utilities\debug-nvidia\utilities.tlog\cl.read.1.tlog
c:\users\keple\source\repos\intern\gameproject\utilities\debug-nvidia\utilities.tlog\cl.write.1.tlog
c:\users\keple\source\repos\intern\gameproject\utilities\debug-nvidia\utilities.tlog\lib-link.read.1.tlog
c:\users\keple\source\repos\intern\gameproject\utilities\debug-nvidia\utilities.tlog\lib-link.write.1.tlog
c:\users\keple\source\repos\intern\gameproject\utilities\debug-nvidia\utilities.tlog\lib.command.1.tlog
